<?xml version="1.0" encoding="UTF-8"?>
<!-- Generated by org.testng.reporters.JUnitXMLReporter -->
<testsuite ignored="0" hostname="ATMECSINLT-601" failures="6" tests="6" name="SampleTest" time="1.008" errors="0" timestamp="30 Nov 2020 12:02:19 GMT">
  <testcase classname="com.atmecs.falcon_framework.testscript.FillingChatBox" name="Form_filling" time="0.005">
    <failure type="java.lang.IllegalArgumentException" message="No enum constant com.atmecs.falcon.automation.util.enums.BrowserType.GECO">
      <![CDATA[java.lang.IllegalArgumentException: No enum constant com.atmecs.falcon.automation.util.enums.BrowserType.GECO
at java.base/java.lang.Enum.valueOf(Enum.java:273)
at com.atmecs.falcon.automation.util.enums.BrowserType.valueOf(BrowserType.java:10)
at com.atmecs.falcon.automation.ui.selenium.RunModeLocal.<init>(RunModeLocal.java:29)
at com.atmecs.falcon.automation.ui.selenium.RunModeFactory.getRunMode(RunModeFactory.java:23)
at com.atmecs.falcon.automation.ui.selenium.Browser.openURL(Browser.java:375)
at com.atmecs.falcon_framework.pages.FillingChatFormPage.navigation(FillingChatFormPage.java:27)
at com.atmecs.falcon_framework.testscript.FillingChatBox.Form_filling(FillingChatBox.java:33)
at java.base/java.util.concurrent.ThreadPoolExecutor.runWorker(ThreadPoolExecutor.java:1130)
at java.base/java.util.concurrent.ThreadPoolExecutor$Worker.run(ThreadPoolExecutor.java:630)
at java.base/java.lang.Thread.run(Thread.java:832)
... Removed 18 stack frames]]>
    </failure>
  </testcase> <!-- Form_filling -->
  <testcase classname="com.atmecs.falcon_framework.testscript.FillingChatBox" name="Form_filling" time="0.001">
    <failure type="java.lang.IllegalArgumentException" message="No enum constant com.atmecs.falcon.automation.util.enums.BrowserType.GECO">
      <![CDATA[java.lang.IllegalArgumentException: No enum constant com.atmecs.falcon.automation.util.enums.BrowserType.GECO
at java.base/java.lang.Enum.valueOf(Enum.java:273)
at com.atmecs.falcon.automation.util.enums.BrowserType.valueOf(BrowserType.java:10)
at com.atmecs.falcon.automation.ui.selenium.RunModeLocal.<init>(RunModeLocal.java:29)
at com.atmecs.falcon.automation.ui.selenium.RunModeFactory.getRunMode(RunModeFactory.java:23)
at com.atmecs.falcon.automation.ui.selenium.Browser.openURL(Browser.java:375)
at com.atmecs.falcon_framework.pages.FillingChatFormPage.navigation(FillingChatFormPage.java:27)
at com.atmecs.falcon_framework.testscript.FillingChatBox.Form_filling(FillingChatBox.java:33)
at java.base/java.util.concurrent.ThreadPoolExecutor.runWorker(ThreadPoolExecutor.java:1130)
at java.base/java.util.concurrent.ThreadPoolExecutor$Worker.run(ThreadPoolExecutor.java:630)
at java.base/java.lang.Thread.run(Thread.java:832)
... Removed 18 stack frames]]>
    </failure>
  </testcase> <!-- Form_filling -->
  <testcase classname="com.atmecs.falcon_framework.testscript.FillingChatBox" name="Form_filling" time="0.001">
    <failure type="java.lang.IllegalArgumentException" message="No enum constant com.atmecs.falcon.automation.util.enums.BrowserType.GECO">
      <![CDATA[java.lang.IllegalArgumentException: No enum constant com.atmecs.falcon.automation.util.enums.BrowserType.GECO
at java.base/java.lang.Enum.valueOf(Enum.java:273)
at com.atmecs.falcon.automation.util.enums.BrowserType.valueOf(BrowserType.java:10)
at com.atmecs.falcon.automation.ui.selenium.RunModeLocal.<init>(RunModeLocal.java:29)
at com.atmecs.falcon.automation.ui.selenium.RunModeFactory.getRunMode(RunModeFactory.java:23)
at com.atmecs.falcon.automation.ui.selenium.Browser.openURL(Browser.java:375)
at com.atmecs.falcon_framework.pages.FillingChatFormPage.navigation(FillingChatFormPage.java:27)
at com.atmecs.falcon_framework.testscript.FillingChatBox.Form_filling(FillingChatBox.java:33)
at java.base/java.util.concurrent.ThreadPoolExecutor.runWorker(ThreadPoolExecutor.java:1130)
at java.base/java.util.concurrent.ThreadPoolExecutor$Worker.run(ThreadPoolExecutor.java:630)
at java.base/java.lang.Thread.run(Thread.java:832)
... Removed 18 stack frames]]>
    </failure>
  </testcase> <!-- Form_filling -->
  <testcase classname="com.atmecs.falcon_framework.testscript.FillingChatBox" name="Form_filling" time="0.0">
    <failure type="java.lang.IllegalArgumentException" message="No enum constant com.atmecs.falcon.automation.util.enums.BrowserType.GECO">
      <![CDATA[java.lang.IllegalArgumentException: No enum constant com.atmecs.falcon.automation.util.enums.BrowserType.GECO
at java.base/java.lang.Enum.valueOf(Enum.java:273)
at com.atmecs.falcon.automation.util.enums.BrowserType.valueOf(BrowserType.java:10)
at com.atmecs.falcon.automation.ui.selenium.RunModeLocal.<init>(RunModeLocal.java:29)
at com.atmecs.falcon.automation.ui.selenium.RunModeFactory.getRunMode(RunModeFactory.java:23)
at com.atmecs.falcon.automation.ui.selenium.Browser.openURL(Browser.java:375)
at com.atmecs.falcon_framework.pages.FillingChatFormPage.navigation(FillingChatFormPage.java:27)
at com.atmecs.falcon_framework.testscript.FillingChatBox.Form_filling(FillingChatBox.java:33)
at java.base/java.util.concurrent.ThreadPoolExecutor.runWorker(ThreadPoolExecutor.java:1130)
at java.base/java.util.concurrent.ThreadPoolExecutor$Worker.run(ThreadPoolExecutor.java:630)
at java.base/java.lang.Thread.run(Thread.java:832)
... Removed 18 stack frames]]>
    </failure>
  </testcase> <!-- Form_filling -->
  <testcase classname="com.atmecs.falcon_framework.testscript.FillingChatBox" name="Form_filling" time="0.001">
    <failure type="java.lang.IllegalArgumentException" message="No enum constant com.atmecs.falcon.automation.util.enums.BrowserType.GECO">
      <![CDATA[java.lang.IllegalArgumentException: No enum constant com.atmecs.falcon.automation.util.enums.BrowserType.GECO
at java.base/java.lang.Enum.valueOf(Enum.java:273)
at com.atmecs.falcon.automation.util.enums.BrowserType.valueOf(BrowserType.java:10)
at com.atmecs.falcon.automation.ui.selenium.RunModeLocal.<init>(RunModeLocal.java:29)
at com.atmecs.falcon.automation.ui.selenium.RunModeFactory.getRunMode(RunModeFactory.java:23)
at com.atmecs.falcon.automation.ui.selenium.Browser.openURL(Browser.java:375)
at com.atmecs.falcon_framework.pages.FillingChatFormPage.navigation(FillingChatFormPage.java:27)
at com.atmecs.falcon_framework.testscript.FillingChatBox.Form_filling(FillingChatBox.java:33)
at java.base/java.util.concurrent.ThreadPoolExecutor.runWorker(ThreadPoolExecutor.java:1130)
at java.base/java.util.concurrent.ThreadPoolExecutor$Worker.run(ThreadPoolExecutor.java:630)
at java.base/java.lang.Thread.run(Thread.java:832)
... Removed 18 stack frames]]>
    </failure>
  </testcase> <!-- Form_filling -->
  <testcase classname="com.atmecs.falcon_framework.testscript.FillingChatBox" name="Form_filling" time="0.002">
    <failure type="java.lang.IllegalArgumentException" message="No enum constant com.atmecs.falcon.automation.util.enums.BrowserType.GECO">
      <![CDATA[java.lang.IllegalArgumentException: No enum constant com.atmecs.falcon.automation.util.enums.BrowserType.GECO
at java.base/java.lang.Enum.valueOf(Enum.java:273)
at com.atmecs.falcon.automation.util.enums.BrowserType.valueOf(BrowserType.java:10)
at com.atmecs.falcon.automation.ui.selenium.RunModeLocal.<init>(RunModeLocal.java:29)
at com.atmecs.falcon.automation.ui.selenium.RunModeFactory.getRunMode(RunModeFactory.java:23)
at com.atmecs.falcon.automation.ui.selenium.Browser.openURL(Browser.java:375)
at com.atmecs.falcon_framework.pages.FillingChatFormPage.navigation(FillingChatFormPage.java:27)
at com.atmecs.falcon_framework.testscript.FillingChatBox.Form_filling(FillingChatBox.java:33)
at java.base/java.util.concurrent.ThreadPoolExecutor.runWorker(ThreadPoolExecutor.java:1130)
at java.base/java.util.concurrent.ThreadPoolExecutor$Worker.run(ThreadPoolExecutor.java:630)
at java.base/java.lang.Thread.run(Thread.java:832)
... Removed 18 stack frames]]>
    </failure>
  </testcase> <!-- Form_filling -->
</testsuite> <!-- SampleTest -->
