<?xml version="1.0" encoding="UTF-8"?>
<!-- Generated by org.testng.reporters.JUnitXMLReporter -->
<testsuite ignored="0" hostname="ATMECSINLT-601" failures="0" tests="6" name="SampleTest" time="0.804" errors="0" timestamp="01 Dec 2020 05:44:19 GMT">
  <testcase classname="com.atmecs.falcon_framework.testscript.FillingChatBox" name="Form_filling" time="0.0"/>
  <testcase classname="com.atmecs.falcon_framework.testscript.FillingChatBox" name="Form_filling" time="0.0"/>
  <testcase classname="com.atmecs.falcon_framework.testscript.FillingChatBox" name="Form_filling" time="0.0"/>
  <testcase classname="com.atmecs.falcon_framework.testscript.FillingChatBox" name="Form_filling" time="0.0"/>
  <testcase classname="com.atmecs.falcon_framework.testscript.FillingChatBox" name="Form_filling" time="0.0"/>
  <testcase classname="com.atmecs.falcon_framework.testscript.FillingChatBox" name="Form_filling" time="0.0"/>
</testsuite> <!-- SampleTest -->
