<?xml version="1.0" encoding="UTF-8"?>
<testng-results ignored="0" total="0" passed="0" failed="0" skipped="0">
  <reporter-output>
  </reporter-output>
  <suite started-at="2020-11-20T07:56:13Z" name="com.atmecs.falcon_framework.AppTest" finished-at="2020-11-20T07:56:13Z" duration-ms="8">
    <groups>
    </groups>
    <test started-at="2020-11-20T07:56:13Z" name="Command line test" finished-at="2020-11-20T07:56:13Z" duration-ms="8">
    </test> <!-- Command line test -->
  </suite> <!-- com.atmecs.falcon_framework.AppTest -->
</testng-results>
